[debug] [2025-11-17T02:33:59.698Z] ----------------------------------------------------------------------
[debug] [2025-11-17T02:33:59.706Z] Command:       C:\Program Files\nodejs\node.exe C:\Users\CLienT\AppData\Roaming\npm\node_modules\firebase-tools\lib\bin\firebase.js init hosting
[debug] [2025-11-17T02:33:59.707Z] CLI Version:   14.25.0
[debug] [2025-11-17T02:33:59.707Z] Platform:      win32
[debug] [2025-11-17T02:33:59.708Z] Node Version:  v22.17.0
[debug] [2025-11-17T02:33:59.709Z] Time:          Mon Nov 17 2025 10:33:59 GMT+0800 (Taiwan Standard Time)
[debug] [2025-11-17T02:33:59.709Z] ----------------------------------------------------------------------
[debug] 
[info] 
     ######## #### ########  ######## ########     ###     ######  ########
     ##        ##  ##     ## ##       ##     ##  ##   ##  ##       ##
     ######    ##  ########  ######   ########  #########  ######  ######
     ##        ##  ##    ##  ##       ##     ## ##     ##       ## ##
     ##       #### ##     ## ######## ########  ##     ##  ######  ########

You're about to initialize a Firebase project in this directory:

  C:\Users\CLienT\Downloads\Mobile\PCREXSHOP

[info] 
=== Project Setup
[info] 
[info] First, let's associate this project directory with a Firebase project.
[info] You can create multiple project aliases by running firebase use --add, 
[info] 
[info] i  If you want to create a project in a Google Cloud organization or folder, please use "firebase projects:create" instead, and return to this command when you've created the project. 
[debug] [2025-11-17T02:34:14.014Z] > command requires scopes: ["email","openid","https://www.googleapis.com/auth/cloudplatformprojects.readonly","https://www.googleapis.com/auth/firebase","https://www.googleapis.com/auth/cloud-platform"]
[debug] [2025-11-17T02:34:14.015Z] > authorizing via signed-in user (laison.seanmichaelangelog@gmail.com)
[debug] [2025-11-17T02:34:37.634Z] Checked if tokens are valid: true, expires at: 1763350346121
[debug] [2025-11-17T02:34:37.635Z] Checked if tokens are valid: true, expires at: 1763350346121
[debug] [2025-11-17T02:34:37.639Z] >>> [apiv2][query] POST https://firebase.googleapis.com/v1/projects:checkProjectId [none]
[debug] [2025-11-17T02:34:37.639Z] >>> [apiv2][body] POST https://firebase.googleapis.com/v1/projects:checkProjectId {"proposedId":"123456"}
[debug] [2025-11-17T02:34:38.110Z] <<< [apiv2][status] POST https://firebase.googleapis.com/v1/projects:checkProjectId 200
[debug] [2025-11-17T02:34:38.110Z] <<< [apiv2][body] POST https://firebase.googleapis.com/v1/projects:checkProjectId {"projectIdStatus":"PROJECT_ID_NOT_VALID","suggestedProjectId":"project-4969085617695996302"}
[debug] [2025-11-17T02:34:47.584Z] Checked if tokens are valid: true, expires at: 1763350346121
[debug] [2025-11-17T02:34:47.584Z] Checked if tokens are valid: true, expires at: 1763350346121
[debug] [2025-11-17T02:34:47.586Z] >>> [apiv2][query] POST https://firebase.googleapis.com/v1/projects:checkProjectId [none]
[debug] [2025-11-17T02:34:47.586Z] >>> [apiv2][body] POST https://firebase.googleapis.com/v1/projects:checkProjectId {"proposedId":"laison12345"}
[debug] [2025-11-17T02:34:48.095Z] <<< [apiv2][status] POST https://firebase.googleapis.com/v1/projects:checkProjectId 200
[debug] [2025-11-17T02:34:48.095Z] <<< [apiv2][body] POST https://firebase.googleapis.com/v1/projects:checkProjectId {"projectIdStatus":"PROJECT_ID_UNAVAILABLE","suggestedProjectId":"laison12345-5d1fa"}
[debug] [2025-11-17T02:38:49.842Z] Checked if tokens are valid: true, expires at: 1763350346121
[debug] [2025-11-17T02:38:49.842Z] Checked if tokens are valid: true, expires at: 1763350346121
[debug] [2025-11-17T02:38:49.844Z] >>> [apiv2][query] POST https://firebase.googleapis.com/v1/projects:checkProjectId [none]
[debug] [2025-11-17T02:38:49.845Z] >>> [apiv2][body] POST https://firebase.googleapis.com/v1/projects:checkProjectId {"proposedId":"pcrexshop"}
[debug] [2025-11-17T02:38:50.293Z] <<< [apiv2][status] POST https://firebase.googleapis.com/v1/projects:checkProjectId 200
[debug] [2025-11-17T02:38:50.293Z] <<< [apiv2][body] POST https://firebase.googleapis.com/v1/projects:checkProjectId {"projectIdStatus":"PROJECT_ID_UNAVAILABLE","suggestedProjectId":"pcrexshop-5566a"}
[debug] [2025-11-17T02:39:14.903Z] ExitPromptError: User force closed the prompt with SIGINT
    at Interface.sigint (C:\Users\CLienT\AppData\Roaming\npm\node_modules\firebase-tools\node_modules\@inquirer\core\dist\commonjs\lib\create-prompt.js:101:37)
    at Interface.emit (node:events:518:28)
    at Interface.emit (node:domain:489:12)
    at [_ttyWrite] [as _ttyWrite] (node:internal/readline/interface:1132:18)
    at ReadStream.onkeypress (node:internal/readline/interface:271:20)
    at ReadStream.emit (node:events:530:35)
    at ReadStream.emit (node:domain:489:12)
    at emitKeys (node:internal/readline/utils:370:14)
    at emitKeys.next (<anonymous>)
    at ReadStream.onData (node:internal/readline/emitKeypressEvents:64:36)
[error] 
[error] Error: An unexpected error has occurred.
